2025-05-26 07:05:13,099 - app - INFO - Loading and preprocessing data...
2025-05-26 07:05:13,099 - app - INFO - Loading movies dataset...
2025-05-26 07:05:13,099 - app - INFO - Loading ratings dataset...
2025-05-26 07:05:13,135 - app - INFO - Loading tags dataset...
2025-05-26 07:05:13,140 - app - INFO - Created movie mappings for 9742 movies
2025-05-26 07:05:13,140 - app - INFO - Movies dataset: 9742 movies
2025-05-26 07:05:13,140 - app - INFO - Ratings dataset: 100836 ratings
2025-05-26 07:05:13,140 - app - INFO - Number of unique users: 610
2025-05-26 07:05:13,145 - app - INFO - Number of unique movies with ratings: 9724
2025-05-26 07:05:13,145 - app - INFO - Tags dataset: 3683 tags
2025-05-26 07:05:13,199 - app - INFO - Created user-movie matrix with shape: (610, 9724)
2025-05-26 07:05:13,200 - app - INFO - Training hybrid recommender...
2025-05-26 07:05:13,245 - app - INFO - Created TF-IDF matrix with shape: (9742, 5000)
2025-05-26 07:05:13,640 - app - INFO - Fitted SVD with 100 components
2025-05-26 07:05:13,640 - app - INFO - Hybrid model training completed
2025-05-26 07:05:13,788 - app - INFO - Model saved to F:\School\Semester_4\Movie-Recommendation-System\backend\saved_models\hybrid_recommender.joblib
2025-05-26 07:06:10,791 - app - INFO - Model loaded successfully
2025-05-26 07:15:12,348 - app - INFO - Model loaded successfully
2025-05-26 07:15:49,875 - app - ERROR - Error fetching popular movies: 401 Client Error: Unauthorized for url: https://api.themoviedb.org/3/movie/popular?page=1
2025-05-26 07:15:49,875 - app - ERROR - Error fetching popular movies: 401 Client Error: Unauthorized for url: https://api.themoviedb.org/3/movie/popular?page=1
2025-05-26 07:16:40,022 - app - INFO - Model loaded successfully
2025-05-26 07:22:35,906 - app - INFO - Model loaded successfully
2025-05-26 07:26:27,422 - app - INFO - Model loaded successfully
2025-05-26 07:29:30,430 - app - INFO - Model loaded successfully
